2021-11-21 10:14:47,097 INFO com.mindbowser.config.JwtAuthenticationFilter [http-nio-8080-exec-9] authenticated user vish@gmail.com, setting security context
2021-11-21 10:14:47,105 INFO com.mindbowser.controller.ManagerController [http-nio-8080-exec-9] Enter: getAllEmployee Method Type: GET: Request Arguments: Get all employee
2021-11-21 10:14:47,118 INFO com.mindbowser.controller.ManagerController [http-nio-8080-exec-9] Exit: getAllEmployee Method Type: GET: Response Arguments: [Employee(id=13, firstname=kanu, lastname=kanu, address=Swargate, birthDate=2021-11-21, mobile=1234567890, city=Pune)]
2021-11-21 10:15:20,310 INFO com.mindbowser.config.JwtAuthenticationFilter [http-nio-8080-exec-10] authenticated user vish@gmail.com, setting security context
2021-11-21 10:15:20,323 INFO com.mindbowser.controller.AuthController [http-nio-8080-exec-10] Enter: saveUser Method Type: GET: Request Arguments: UserSignUpRequestDto(email=vishal@gmail.com, firstname=string, password=123, lastname=string, birthDate=Sun Nov 21 10:15:06 IST 2021, address=string, companyName=string)
2021-11-21 10:15:20,337 INFO com.mindbowser.config.CustomGlobalExceptionHandler [http-nio-8080-exec-10] com.mindbowser.exception.BadRequestException
2021-11-21 10:15:33,998 INFO com.mindbowser.config.JwtAuthenticationFilter [http-nio-8080-exec-1] authenticated user vish@gmail.com, setting security context
2021-11-21 10:15:34,000 INFO com.mindbowser.controller.AuthController [http-nio-8080-exec-1] Enter: generateToken Method Type: GET: Request Arguments: UserSignInRequestDto(email=vish@gmail.com, password=22)
2021-11-21 10:15:34,136 ERROR com.mindbowser.config.CustomGlobalExceptionHandler [http-nio-8080-exec-1] Error occurred 
2021-11-21 10:16:14,181 INFO com.mindbowser.config.JwtAuthenticationFilter [http-nio-8080-exec-3] authenticated user vish@gmail.com, setting security context
2021-11-21 10:16:14,185 INFO com.mindbowser.controller.ManagerController [http-nio-8080-exec-3] Enter: getAllEmployee Method Type: GET: Request Arguments: Get all employee
2021-11-21 10:16:14,197 INFO com.mindbowser.controller.ManagerController [http-nio-8080-exec-3] Exit: getAllEmployee Method Type: GET: Response Arguments: [Employee(id=13, firstname=kanu, lastname=kanu, address=Swargate, birthDate=2021-11-21, mobile=1234567890, city=Pune)]
2021-11-21 10:16:16,838 INFO com.mindbowser.config.JwtAuthenticationFilter [http-nio-8080-exec-4] authenticated user vish@gmail.com, setting security context
2021-11-21 10:16:16,844 INFO com.mindbowser.controller.ManagerController [http-nio-8080-exec-4] Enter: getAllEmployee Method Type: GET: Request Arguments: Get all employee
2021-11-21 10:16:16,854 INFO com.mindbowser.controller.ManagerController [http-nio-8080-exec-4] Exit: getAllEmployee Method Type: GET: Response Arguments: [Employee(id=13, firstname=kanu, lastname=kanu, address=Swargate, birthDate=2021-11-21, mobile=1234567890, city=Pune)]
2021-11-21 10:16:24,907 WARN com.mindbowser.config.JwtAuthenticationFilter [http-nio-8080-exec-5] Couldn't find bearer string, header will be ignored
2021-11-21 10:16:24,909 ERROR com.mindbowser.config.CustomGlobalExceptionHandler [http-nio-8080-exec-5] Error occurred 
2021-11-21 10:19:42,571 WARN com.mindbowser.config.JwtAuthenticationFilter [http-nio-8080-exec-7] Couldn't find bearer string, header will be ignored
2021-11-21 10:19:42,920 WARN com.mindbowser.config.JwtAuthenticationFilter [http-nio-8080-exec-8] Couldn't find bearer string, header will be ignored
2021-11-21 10:19:42,980 WARN com.mindbowser.config.JwtAuthenticationFilter [http-nio-8080-exec-9] Couldn't find bearer string, header will be ignored
2021-11-21 10:19:45,451 WARN com.mindbowser.config.JwtAuthenticationFilter [http-nio-8080-exec-10] Couldn't find bearer string, header will be ignored
2021-11-21 10:23:30,349 WARN com.mindbowser.config.JwtAuthenticationFilter [http-nio-8080-exec-3] Couldn't find bearer string, header will be ignored
2021-11-21 10:24:08,314 WARN com.mindbowser.config.JwtAuthenticationFilter [http-nio-8080-exec-6] Couldn't find bearer string, header will be ignored
2021-11-21 10:24:17,268 WARN com.mindbowser.config.JwtAuthenticationFilter [http-nio-8080-exec-7] Couldn't find bearer string, header will be ignored
2021-11-21 10:26:29,176 ERROR org.apache.catalina.core.ContainerBase.[Tomcat].[localhost].[/].[dispatcherServlet] [http-nio-8080-exec-2] Servlet.service() for servlet [dispatcherServlet] in context with path [] threw exception
org.springframework.security.web.firewall.RequestRejectedException: The request was rejected because the URL contained a potentially malicious String "//"
	at org.springframework.security.web.firewall.StrictHttpFirewall.rejectedBlocklistedUrls(StrictHttpFirewall.java:456)
	at org.springframework.security.web.firewall.StrictHttpFirewall.getFirewalledRequest(StrictHttpFirewall.java:429)
	at org.springframework.security.web.FilterChainProxy.doFilterInternal(FilterChainProxy.java:196)
	at org.springframework.security.web.FilterChainProxy.doFilter(FilterChainProxy.java:183)
	at org.springframework.web.filter.DelegatingFilterProxy.invokeDelegate(DelegatingFilterProxy.java:358)
	at org.springframework.web.filter.DelegatingFilterProxy.doFilter(DelegatingFilterProxy.java:271)
	at org.apache.catalina.core.ApplicationFilterChain.internalDoFilter(ApplicationFilterChain.java:189)
	at org.apache.catalina.core.ApplicationFilterChain.doFilter(ApplicationFilterChain.java:162)
	at org.springframework.web.filter.RequestContextFilter.doFilterInternal(RequestContextFilter.java:100)
	at org.springframework.web.filter.OncePerRequestFilter.doFilter(OncePerRequestFilter.java:119)
	at org.apache.catalina.core.ApplicationFilterChain.internalDoFilter(ApplicationFilterChain.java:189)
	at org.apache.catalina.core.ApplicationFilterChain.doFilter(ApplicationFilterChain.java:162)
	at org.springframework.web.filter.FormContentFilter.doFilterInternal(FormContentFilter.java:93)
	at org.springframework.web.filter.OncePerRequestFilter.doFilter(OncePerRequestFilter.java:119)
	at org.apache.catalina.core.ApplicationFilterChain.internalDoFilter(ApplicationFilterChain.java:189)
	at org.apache.catalina.core.ApplicationFilterChain.doFilter(ApplicationFilterChain.java:162)
	at org.springframework.web.filter.CharacterEncodingFilter.doFilterInternal(CharacterEncodingFilter.java:201)
	at org.springframework.web.filter.OncePerRequestFilter.doFilter(OncePerRequestFilter.java:119)
	at org.apache.catalina.core.ApplicationFilterChain.internalDoFilter(ApplicationFilterChain.java:189)
	at org.apache.catalina.core.ApplicationFilterChain.doFilter(ApplicationFilterChain.java:162)
	at org.apache.catalina.core.StandardWrapperValve.invoke(StandardWrapperValve.java:197)
	at org.apache.catalina.core.StandardContextValve.invoke(StandardContextValve.java:97)
	at org.apache.catalina.authenticator.AuthenticatorBase.invoke(AuthenticatorBase.java:540)
	at org.apache.catalina.core.StandardHostValve.invoke(StandardHostValve.java:135)
	at org.apache.catalina.valves.ErrorReportValve.invoke(ErrorReportValve.java:92)
	at org.apache.catalina.core.StandardEngineValve.invoke(StandardEngineValve.java:78)
	at org.apache.catalina.connector.CoyoteAdapter.service(CoyoteAdapter.java:357)
	at org.apache.coyote.http11.Http11Processor.service(Http11Processor.java:382)
	at org.apache.coyote.AbstractProcessorLight.process(AbstractProcessorLight.java:65)
	at org.apache.coyote.AbstractProtocol$ConnectionHandler.process(AbstractProtocol.java:895)
	at org.apache.tomcat.util.net.NioEndpoint$SocketProcessor.doRun(NioEndpoint.java:1722)
	at org.apache.tomcat.util.net.SocketProcessorBase.run(SocketProcessorBase.java:49)
	at org.apache.tomcat.util.threads.ThreadPoolExecutor.runWorker(ThreadPoolExecutor.java:1191)
	at org.apache.tomcat.util.threads.ThreadPoolExecutor$Worker.run(ThreadPoolExecutor.java:659)
	at org.apache.tomcat.util.threads.TaskThread$WrappingRunnable.run(TaskThread.java:61)
	at java.lang.Thread.run(Thread.java:748)
